Determining if the pthread_create exist failed with the following output:
Change Dir: /home/harshal/urc/urc_arm/urc_arm_ws/build/CMakeFiles/CMakeTmp

Run Build Command:"/usr/bin/make" "cmTC_2d25e/fast"
/usr/bin/make -f CMakeFiles/cmTC_2d25e.dir/build.make CMakeFiles/cmTC_2d25e.dir/build
make[1]: Entering directory '/home/harshal/urc/urc_arm/urc_arm_ws/build/CMakeFiles/CMakeTmp'
Building C object CMakeFiles/cmTC_2d25e.dir/CheckSymbolExists.c.o
/usr/bin/cc     -o CMakeFiles/cmTC_2d25e.dir/CheckSymbolExists.c.o   -c /home/harshal/urc/urc_arm/urc_arm_ws/build/CMakeFiles/CMakeTmp/CheckSymbolExists.c
Linking C executable cmTC_2d25e
/usr/bin/cmake -E cmake_link_script CMakeFiles/cmTC_2d25e.dir/link.txt --verbose=1
/usr/bin/cc       CMakeFiles/cmTC_2d25e.dir/CheckSymbolExists.c.o  -o cmTC_2d25e -rdynamic 
CMakeFiles/cmTC_2d25e.dir/CheckSymbolExists.c.o: In function `main':
CheckSymbolExists.c:(.text+0x16): undefined reference to `pthread_create'
collect2: error: ld returned 1 exit status
CMakeFiles/cmTC_2d25e.dir/build.make:97: recipe for target 'cmTC_2d25e' failed
make[1]: *** [cmTC_2d25e] Error 1
make[1]: Leaving directory '/home/harshal/urc/urc_arm/urc_arm_ws/build/CMakeFiles/CMakeTmp'
Makefile:126: recipe for target 'cmTC_2d25e/fast' failed
make: *** [cmTC_2d25e/fast] Error 2

File /home/harshal/urc/urc_arm/urc_arm_ws/build/CMakeFiles/CMakeTmp/CheckSymbolExists.c:
/* */
#include <pthread.h>

int main(int argc, char** argv)
{
  (void)argv;
#ifndef pthread_create
  return ((int*)(&pthread_create))[argc];
#else
  (void)argc;
  return 0;
#endif
}

Determining if the function pthread_create exists in the pthreads failed with the following output:
Change Dir: /home/harshal/urc/urc_arm/urc_arm_ws/build/CMakeFiles/CMakeTmp

Run Build Command:"/usr/bin/make" "cmTC_58b2e/fast"
/usr/bin/make -f CMakeFiles/cmTC_58b2e.dir/build.make CMakeFiles/cmTC_58b2e.dir/build
make[1]: Entering directory '/home/harshal/urc/urc_arm/urc_arm_ws/build/CMakeFiles/CMakeTmp'
Building C object CMakeFiles/cmTC_58b2e.dir/CheckFunctionExists.c.o
/usr/bin/cc    -DCHECK_FUNCTION_EXISTS=pthread_create   -o CMakeFiles/cmTC_58b2e.dir/CheckFunctionExists.c.o   -c /usr/share/cmake-3.5/Modules/CheckFunctionExists.c
Linking C executable cmTC_58b2e
/usr/bin/cmake -E cmake_link_script CMakeFiles/cmTC_58b2e.dir/link.txt --verbose=1
/usr/bin/cc   -DCHECK_FUNCTION_EXISTS=pthread_create    CMakeFiles/cmTC_58b2e.dir/CheckFunctionExists.c.o  -o cmTC_58b2e -rdynamic -lpthreads 
/usr/bin/ld: cannot find -lpthreads
collect2: error: ld returned 1 exit status
CMakeFiles/cmTC_58b2e.dir/build.make:97: recipe for target 'cmTC_58b2e' failed
make[1]: *** [cmTC_58b2e] Error 1
make[1]: Leaving directory '/home/harshal/urc/urc_arm/urc_arm_ws/build/CMakeFiles/CMakeTmp'
Makefile:126: recipe for target 'cmTC_58b2e/fast' failed
make: *** [cmTC_58b2e/fast] Error 2


Performing C SOURCE FILE Test CMAKE_HAVE_LIBC_PTHREAD failed with the following output:
Change Dir: /home/harshal/urc/urc_arm/urc_arm_ws/build/CMakeFiles/CMakeTmp

Run Build Command(s):/usr/bin/make cmTC_76fb5/fast && /usr/bin/make -f CMakeFiles/cmTC_76fb5.dir/build.make CMakeFiles/cmTC_76fb5.dir/build
make[1]: Entering directory '/home/harshal/urc/urc_arm/urc_arm_ws/build/CMakeFiles/CMakeTmp'
Building C object CMakeFiles/cmTC_76fb5.dir/src.c.o
/usr/bin/cc   -DCMAKE_HAVE_LIBC_PTHREAD   -o CMakeFiles/cmTC_76fb5.dir/src.c.o   -c /home/harshal/urc/urc_arm/urc_arm_ws/build/CMakeFiles/CMakeTmp/src.c
Linking C executable cmTC_76fb5
/usr/local/bin/cmake -E cmake_link_script CMakeFiles/cmTC_76fb5.dir/link.txt --verbose=1
/usr/bin/cc  -DCMAKE_HAVE_LIBC_PTHREAD    -rdynamic CMakeFiles/cmTC_76fb5.dir/src.c.o  -o cmTC_76fb5 
CMakeFiles/cmTC_76fb5.dir/src.c.o: In function `main':
src.c:(.text+0x3c): undefined reference to `pthread_create'
src.c:(.text+0x48): undefined reference to `pthread_detach'
src.c:(.text+0x59): undefined reference to `pthread_join'
src.c:(.text+0x6d): undefined reference to `pthread_atfork'
collect2: error: ld returned 1 exit status
CMakeFiles/cmTC_76fb5.dir/build.make:86: recipe for target 'cmTC_76fb5' failed
make[1]: *** [cmTC_76fb5] Error 1
make[1]: Leaving directory '/home/harshal/urc/urc_arm/urc_arm_ws/build/CMakeFiles/CMakeTmp'
Makefile:121: recipe for target 'cmTC_76fb5/fast' failed
make: *** [cmTC_76fb5/fast] Error 2


Source file was:
#include <pthread.h>

void* test_func(void* data)
{
  return data;
}

int main(void)
{
  pthread_t thread;
  pthread_create(&thread, NULL, test_func, NULL);
  pthread_detach(thread);
  pthread_join(thread, NULL);
  pthread_atfork(NULL, NULL, NULL);
  pthread_exit(NULL);

  return 0;
}

